GAS LISTING /tmp/ccmBbt3U.s 			page 1


   1               		.file	"led.c"
   2               	__SREG__ = 0x3f
   3               	__SP_H__ = 0x3e
   4               	__SP_L__ = 0x3d
   5               	__tmp_reg__ = 0
   6               	__zero_reg__ = 1
   7               		.global __do_copy_data
   8               		.global __do_clear_bss
   9               		.stabs	"/home/j/projects/acris/avr/ledctrlr/",100,0,2,.Ltext0
  10               		.stabs	"led.c",100,0,2,.Ltext0
  11               		.text
  12               	.Ltext0:
  13               		.stabs	"gcc2_compiled.",60,0,0,0
  14               		.stabs	"int:t(0,1)=r(0,1);-32768;32767;",128,0,0,0
  15               		.stabs	"char:t(0,2)=@s8;r(0,2);0;255;",128,0,0,0
  16               		.stabs	"long int:t(0,3)=@s32;r(0,3);020000000000;017777777777;",128,0,0,0
  17               		.stabs	"unsigned int:t(0,4)=r(0,4);0;0177777;",128,0,0,0
  18               		.stabs	"long unsigned int:t(0,5)=@s32;r(0,5);0;037777777777;",128,0,0,0
  19               		.stabs	"long long int:t(0,6)=@s64;r(0,6);01000000000000000000000;0777777777777777777777;",128,0,0,
  20               		.stabs	"long long unsigned int:t(0,7)=@s64;r(0,7);0;01777777777777777777777;",128,0,0,0
  21               		.stabs	"short int:t(0,8)=r(0,8);-32768;32767;",128,0,0,0
  22               		.stabs	"short unsigned int:t(0,9)=r(0,9);0;0177777;",128,0,0,0
  23               		.stabs	"signed char:t(0,10)=@s8;r(0,10);-128;127;",128,0,0,0
  24               		.stabs	"unsigned char:t(0,11)=@s8;r(0,11);0;255;",128,0,0,0
  25               		.stabs	"float:t(0,12)=r(0,1);4;0;",128,0,0,0
  26               		.stabs	"double:t(0,13)=r(0,1);4;0;",128,0,0,0
  27               		.stabs	"long double:t(0,14)=r(0,1);4;0;",128,0,0,0
  28               		.stabs	"void:t(0,15)=(0,15)",128,0,0,0
  29               		.stabs	"led.h",130,0,0,0
  30               		.stabs	"main.h",130,0,0,0
  31               		.stabs	"/usr/lib/gcc/avr/4.6.0/../../../../avr/include/inttypes.h",130,0,0,0
  32               		.stabs	"/usr/lib/gcc/avr/4.6.0/include/stdint.h",130,0,0,0
  33               		.stabs	"/usr/lib/gcc/avr/4.6.0/../../../../avr/include/stdint.h",130,0,0,0
  34               		.stabs	"int8_t:t(5,1)=(0,10)",128,0,121,0
  35               		.stabs	"uint8_t:t(5,2)=(0,11)",128,0,122,0
  36               		.stabs	"int16_t:t(5,3)=(0,1)",128,0,123,0
  37               		.stabs	"uint16_t:t(5,4)=(0,4)",128,0,124,0
  38               		.stabs	"int32_t:t(5,5)=(0,3)",128,0,125,0
  39               		.stabs	"uint32_t:t(5,6)=(0,5)",128,0,126,0
  40               		.stabs	"int64_t:t(5,7)=(0,6)",128,0,128,0
  41               		.stabs	"uint64_t:t(5,8)=(0,7)",128,0,129,0
  42               		.stabs	"intptr_t:t(5,9)=(5,3)",128,0,142,0
  43               		.stabs	"uintptr_t:t(5,10)=(5,4)",128,0,147,0
  44               		.stabs	"int_least8_t:t(5,11)=(5,1)",128,0,159,0
  45               		.stabs	"uint_least8_t:t(5,12)=(5,2)",128,0,164,0
  46               		.stabs	"int_least16_t:t(5,13)=(5,3)",128,0,169,0
  47               		.stabs	"uint_least16_t:t(5,14)=(5,4)",128,0,174,0
  48               		.stabs	"int_least32_t:t(5,15)=(5,5)",128,0,179,0
  49               		.stabs	"uint_least32_t:t(5,16)=(5,6)",128,0,184,0
  50               		.stabs	"int_least64_t:t(5,17)=(5,7)",128,0,192,0
  51               		.stabs	"uint_least64_t:t(5,18)=(5,8)",128,0,199,0
  52               		.stabs	"int_fast8_t:t(5,19)=(5,1)",128,0,213,0
  53               		.stabs	"uint_fast8_t:t(5,20)=(5,2)",128,0,218,0
  54               		.stabs	"int_fast16_t:t(5,21)=(5,3)",128,0,223,0
  55               		.stabs	"uint_fast16_t:t(5,22)=(5,4)",128,0,228,0
  56               		.stabs	"int_fast32_t:t(5,23)=(5,5)",128,0,233,0
  57               		.stabs	"uint_fast32_t:t(5,24)=(5,6)",128,0,238,0
GAS LISTING /tmp/ccmBbt3U.s 			page 2


  58               		.stabs	"int_fast64_t:t(5,25)=(5,7)",128,0,246,0
  59               		.stabs	"uint_fast64_t:t(5,26)=(5,8)",128,0,253,0
  60               		.stabs	"intmax_t:t(5,27)=(5,7)",128,0,273,0
  61               		.stabs	"uintmax_t:t(5,28)=(5,8)",128,0,278,0
  62               		.stabn	162,0,0,0
  63               		.stabn	162,0,0,0
  64               		.stabs	"int_farptr_t:t(3,1)=(5,5)",128,0,77,0
  65               		.stabs	"uint_farptr_t:t(3,2)=(5,6)",128,0,81,0
  66               		.stabn	162,0,0,0
  67               		.stabs	"/usr/lib/gcc/avr/4.6.0/../../../../avr/include/avr/io.h",130,0,0,0
  68               		.stabs	"/usr/lib/gcc/avr/4.6.0/../../../../avr/include/avr/fuse.h",130,0,0,0
  69               		.stabs	"__fuse_t:t(7,1)=(7,2)=s3low:(0,11),0,8;high:(0,11),8,8;extended:(0,11),16,8;;",128,0,244,0
  70               		.stabn	162,0,0,0
  71               		.stabn	162,0,0,0
  72               		.stabs	"/usr/lib/gcc/avr/4.6.0/../../../../avr/include/avr/pgmspace.h",130,0,0,0
  73               		.stabs	"/usr/lib/gcc/avr/4.6.0/include/stddef.h",130,0,0,0
  74               		.stabs	"size_t:t(9,1)=(0,4)",128,0,212,0
  75               		.stabn	162,0,0,0
  76               		.stabs	"prog_void:t(8,1)=(8,2)=(8,2)",128,0,217,0
  77               		.stabs	"prog_char:t(8,3)=(8,4)=@s8;r(8,4);0;255;",128,0,218,0
  78               		.stabs	"prog_uchar:t(8,5)=(8,6)=@s8;r(8,6);0;255;",128,0,219,0
  79               		.stabs	"prog_int8_t:t(8,7)=(8,8)=(0,10)",128,0,221,0
  80               		.stabs	"prog_uint8_t:t(8,9)=(8,10)=(0,11)",128,0,222,0
  81               		.stabs	"prog_int16_t:t(8,11)=(8,12)=(0,1)",128,0,223,0
  82               		.stabs	"prog_uint16_t:t(8,13)=(8,14)=(0,4)",128,0,224,0
  83               		.stabs	"prog_int32_t:t(8,15)=(8,16)=(0,3)",128,0,225,0
  84               		.stabs	"prog_uint32_t:t(8,17)=(8,18)=(0,5)",128,0,226,0
  85               		.stabs	"prog_int64_t:t(8,19)=(8,20)=(0,6)",128,0,228,0
  86               		.stabs	"prog_uint64_t:t(8,21)=(8,22)=(0,7)",128,0,229,0
  87               		.stabn	162,0,0,0
  88               		.stabn	162,0,0,0
  89               		.stabn	162,0,0,0
  90               		.stabs	"led_set:F(0,15)",36,0,33,led_set
  91               	.global	led_set
  92               		.type	led_set, @function
  93               	led_set:
  94               		.stabd	46,0,0
   1:led.c         **** /* A C R I S   P R O J E C T ********
   2:led.c         ****  * LED Controller                   *
   3:led.c         ****  * http://jwcxz.com/projects/acris  *
   4:led.c         ****  *                                  *
   5:led.c         ****  * J. Colosimo -- http://jwcxz.com/ *
   6:led.c         ****  *                                  *
   7:led.c         ****  * LED actions                      *
   8:led.c         ****  ************************************/
   9:led.c         **** 
  10:led.c         **** #include "led.h"
  11:led.c         **** #include "tlc.h"
  12:led.c         **** 
  13:led.c         **** void led_action(void) {
  14:led.c         ****     // this is just a wrapper function that decides what to do based on the
  15:led.c         ****     // current command
  16:led.c         ****     
  17:led.c         ****     led_set();
  18:led.c         **** 
  19:led.c         ****     /* 
  20:led.c         ****     // delete the default call to led_set() above and replace it with the
GAS LISTING /tmp/ccmBbt3U.s 			page 3


  21:led.c         ****     // following switch statement to support multiple types of actions
  22:led.c         ****     switch (action) {
  23:led.c         **** 
  24:led.c         ****         default:
  25:led.c         ****             led_set();
  26:led.c         ****             break;
  27:led.c         ****     }
  28:led.c         ****     */
  29:led.c         **** 
  30:led.c         ****     tlc_drive();
  31:led.c         **** }
  32:led.c         **** 
  33:led.c         **** void led_set(void) {
  95               		.stabn	68,0,33,.LM0-.LFBB1
  96               	.LM0:
  97               	.LFBB1:
  98 0000 AF92      		push r10
  99 0002 BF92      		push r11
 100 0004 CF92      		push r12
 101 0006 DF92      		push r13
 102 0008 EF92      		push r14
 103 000a FF92      		push r15
 104 000c 0F93      		push r16
 105 000e 1F93      		push r17
 106 0010 CF93      		push r28
 107 0012 DF93      		push r29
 108               	/* prologue: function */
 109               	/* frame size = 0 */
 110               	/* stack size = 10 */
 111               	.L__stack_usage = 10
  34:led.c         ****     uint8_t i, j;
  35:led.c         ****     uint16_t red, grn, blu;
  36:led.c         **** 
  37:led.c         ****     for ( i=0 ; i<5 ; i++ ) {
  38:led.c         ****         red = ser2led(args[3*i]);
  39:led.c         ****         grn = ser2led(args[3*i+1]);
  40:led.c         ****         blu = ser2led(args[3*i+2]);
  41:led.c         **** 
  42:led.c         ****         for ( j=1 ; j<=3 ; j++ ) { set(tlc[0], 3*i + j, red); }
  43:led.c         ****         for ( j=1 ; j<=3 ; j++ ) { set(tlc[1], 3*i + j, grn); }
 112               		.stabn	68,0,43,.LM1-.LFBB1
 113               	.LM1:
 114 0014 C0E0      		ldi r28,lo8(args+2)
 115 0016 D0E0      		ldi r29,hi8(args+2)
  33:led.c         **** void led_set(void) {
 116               		.stabn	68,0,33,.LM2-.LFBB1
 117               	.LM2:
 118 0018 10E0      		ldi r17,lo8(0)
 119               	.L5:
  38:led.c         ****         red = ser2led(args[3*i]);
 120               		.stabn	68,0,38,.LM3-.LFBB1
 121               	.LM3:
 122 001a FE01      		movw r30,r28
 123 001c 3297      		sbiw r30,2
 124 001e 8081      		ld r24,Z
 125 0020 0E94 0000 		call ser2led
 126 0024 5C01      		movw r10,r24
GAS LISTING /tmp/ccmBbt3U.s 			page 4


  39:led.c         ****         grn = ser2led(args[3*i+1]);
 127               		.stabn	68,0,39,.LM4-.LFBB1
 128               	.LM4:
 129 0026 FE01      		movw r30,r28
 130 0028 3197      		sbiw r30,1
 131 002a 8081      		ld r24,Z
 132 002c 0E94 0000 		call ser2led
 133 0030 7C01      		movw r14,r24
  40:led.c         ****         blu = ser2led(args[3*i+2]);
 134               		.stabn	68,0,40,.LM5-.LFBB1
 135               	.LM5:
 136 0032 8881      		ld r24,Y
 137 0034 0E94 0000 		call ser2led
 138 0038 6C01      		movw r12,r24
  42:led.c         ****         for ( j=1 ; j<=3 ; j++ ) { set(tlc[0], 3*i + j, red); }
 139               		.stabn	68,0,42,.LM6-.LFBB1
 140               	.LM6:
 141 003a 01E0      		ldi r16,lo8(1)
 142               	.L2:
  42:led.c         ****         for ( j=1 ; j<=3 ; j++ ) { set(tlc[0], 3*i + j, red); }
 143               		.stabn	68,0,42,.LM7-.LFBB1
 144               	.LM7:
 145 003c 612F      		mov r22,r17
 146 003e 600F      		add r22,r16
 147 0040 80E0      		ldi r24,lo8(tlc)
 148 0042 90E0      		ldi r25,hi8(tlc)
 149 0044 A501      		movw r20,r10
 150 0046 0E94 0000 		call set
 151 004a 0F5F      		subi r16,lo8(-(1))
 152 004c 0430      		cpi r16,lo8(4)
 153 004e 01F4      		brne .L2
  42:led.c         ****         for ( j=1 ; j<=3 ; j++ ) { set(tlc[0], 3*i + j, red); }
 154               		.stabn	68,0,42,.LM8-.LFBB1
 155               	.LM8:
 156 0050 01E0      		ldi r16,lo8(1)
 157               	.L3:
 158               		.stabn	68,0,43,.LM9-.LFBB1
 159               	.LM9:
 160 0052 612F      		mov r22,r17
 161 0054 600F      		add r22,r16
 162 0056 80E0      		ldi r24,lo8(tlc+24)
 163 0058 90E0      		ldi r25,hi8(tlc+24)
 164 005a A701      		movw r20,r14
 165 005c 0E94 0000 		call set
 166 0060 0F5F      		subi r16,lo8(-(1))
 167 0062 0430      		cpi r16,lo8(4)
 168 0064 01F4      		brne .L3
 169               		.stabn	68,0,43,.LM10-.LFBB1
 170               	.LM10:
 171 0066 01E0      		ldi r16,lo8(1)
 172               	.L4:
  44:led.c         ****         for ( j=1 ; j<=3 ; j++ ) { set(tlc[2], 3*i + j, blu); }
 173               		.stabn	68,0,44,.LM11-.LFBB1
 174               	.LM11:
 175 0068 612F      		mov r22,r17
 176 006a 600F      		add r22,r16
 177 006c 80E0      		ldi r24,lo8(tlc+48)
GAS LISTING /tmp/ccmBbt3U.s 			page 5


 178 006e 90E0      		ldi r25,hi8(tlc+48)
 179 0070 A601      		movw r20,r12
 180 0072 0E94 0000 		call set
 181 0076 0F5F      		subi r16,lo8(-(1))
 182 0078 0430      		cpi r16,lo8(4)
 183 007a 01F4      		brne .L4
 184               		.stabn	68,0,44,.LM12-.LFBB1
 185               	.LM12:
 186 007c 2396      		adiw r28,3
 187 007e 1D5F      		subi r17,lo8(-(3))
  37:led.c         ****     for ( i=0 ; i<5 ; i++ ) {
 188               		.stabn	68,0,37,.LM13-.LFBB1
 189               	.LM13:
 190 0080 1F30      		cpi r17,lo8(15)
 191 0082 01F4      		brne .L5
 192               	/* epilogue start */
  45:led.c         **** 
  46:led.c         ****     }
  47:led.c         **** }
 193               		.stabn	68,0,47,.LM14-.LFBB1
 194               	.LM14:
 195 0084 DF91      		pop r29
 196 0086 CF91      		pop r28
 197 0088 1F91      		pop r17
 198 008a 0F91      		pop r16
 199 008c FF90      		pop r15
 200 008e EF90      		pop r14
 201 0090 DF90      		pop r13
 202 0092 CF90      		pop r12
 203 0094 BF90      		pop r11
 204 0096 AF90      		pop r10
 205 0098 0895      		ret
 206               		.size	led_set, .-led_set
 207               		.stabs	"red:r(5,4)",64,0,35,10
 208               		.stabs	"grn:r(5,4)",64,0,35,14
 209               		.stabs	"blu:r(5,4)",64,0,35,12
 210               		.stabn	192,0,0,.LFBB1-.LFBB1
 211               		.stabn	224,0,0,.Lscope1-.LFBB1
 212               	.Lscope1:
 213               		.stabs	"",36,0,0,.Lscope1-.LFBB1
 214               		.stabd	78,0,0
 215               		.stabs	"led_action:F(0,15)",36,0,13,led_action
 216               	.global	led_action
 217               		.type	led_action, @function
 218               	led_action:
 219               		.stabd	46,0,0
  13:led.c         **** void led_action(void) {
 220               		.stabn	68,0,13,.LM15-.LFBB2
 221               	.LM15:
 222               	.LFBB2:
 223               	/* prologue: function */
 224               	/* frame size = 0 */
 225               	/* stack size = 0 */
 226               	.L__stack_usage = 0
  17:led.c         ****     led_set();
 227               		.stabn	68,0,17,.LM16-.LFBB2
 228               	.LM16:
GAS LISTING /tmp/ccmBbt3U.s 			page 6


 229 009a 0E94 0000 		call led_set
  30:led.c         ****     tlc_drive();
 230               		.stabn	68,0,30,.LM17-.LFBB2
 231               	.LM17:
 232 009e 0E94 0000 		call tlc_drive
 233               	/* epilogue start */
  31:led.c         **** }
 234               		.stabn	68,0,31,.LM18-.LFBB2
 235               	.LM18:
 236 00a2 0895      		ret
 237               		.size	led_action, .-led_action
 238               	.Lscope2:
 239               		.stabs	"",36,0,0,.Lscope2-.LFBB2
 240               		.stabd	78,0,0
 241               		.stabs	"",100,0,0,.Letext0
 242               	.Letext0:
GAS LISTING /tmp/ccmBbt3U.s 			page 7


DEFINED SYMBOLS
                            *ABS*:0000000000000000 led.c
     /tmp/ccmBbt3U.s:2      *ABS*:000000000000003f __SREG__
     /tmp/ccmBbt3U.s:3      *ABS*:000000000000003e __SP_H__
     /tmp/ccmBbt3U.s:4      *ABS*:000000000000003d __SP_L__
     /tmp/ccmBbt3U.s:5      *ABS*:0000000000000000 __tmp_reg__
     /tmp/ccmBbt3U.s:6      *ABS*:0000000000000001 __zero_reg__
     /tmp/ccmBbt3U.s:93     .text:0000000000000000 led_set
     /tmp/ccmBbt3U.s:218    .text:000000000000009a led_action

UNDEFINED SYMBOLS
__do_copy_data
__do_clear_bss
args
ser2led
tlc
set
tlc_drive
